Dec 30 12:15 : exception: Failed to create Avahi service group: Not permitted
Dec 30 12:15 : update: added /08 Tanha.mp3
Dec 30 12:15 : update: added /Hayede Shabe Eshgh.mp3
Dec 30 12:15 : update: added /Leila-Forouhar-Pardis-128.mp3
Dec 30 12:15 : update: added /Afshin-Moghadam-Gozahteh-128.mp3
Dec 30 12:15 : update: added /Martik Harir.mp3
Dec 30 12:15 : update: added /Kouros-Dokhtare-Hamsayeh-128.mp3
Dec 30 12:15 : update: added /Moein-Ghasam-Nakhor-128.mp3
Dec 30 12:15 : update: added /Mahasti-Zendegi.mp3
Dec 30 12:15 : update: added /04 Nargese Shiraz.mp3
Dec 30 12:15 : update: added /Sattar-Taak-Khal-128.mp3
Dec 30 12:15 : update: added /Mansour-Only-for-You-(Faghat-Bekhatere-Tou)-128.mp3
Dec 30 12:15 : update: added /Suzan-Ghomar-Baz-128.mp3
Dec 30 12:15 : update: added /Shohreh-Agha-128.mp3
Dec 30 12:15 : update: added /03 Daro Va Kon Azizam.mp3
Dec 30 12:15 : update: added /Khaste.mp3
Dec 30 12:15 : update: added /Khalegh.mp3
Dec 30 12:15 : update: added /Alireza-Azar-Dayereh-128.mp3
Dec 30 12:15 : update: added /Marzieh Emshab Shabe Mahtabe Live in Olympia.mp3
Dec 30 12:15 : update: added /Aref-Na-Mehraban-128.mp3
Dec 30 12:15 : update: added /Mohammad Esfahani - Shekayate Hejran (128).mp3
Dec 30 12:15 : update: added /Mohammad-Esfahani-Maro-Ey-Doost-128.mp3
Dec 30 12:15 : update: added /Mahasti-To-Bezan-Ta-Man-Beraghsam-128.mp3
Dec 30 12:15 : update: added /09- Bandari.mp3
Dec 30 12:15 : update: added /Martik Parandeh.mp3
Dec 30 12:15 : update: added /Fereydoun Gole Hayahoo.mp3
Dec 30 12:15 : update: added /Hayedeh-Mahasti-Dele-Koocholo-(Ft-Anoushirvan-Rohani)-128.mp3
Dec 30 12:15 : update: added /DJ MFIX Shamaizadeh Mix.mp3
Dec 30 12:15 : update: added /Hala-Khali-Blash-128.mp3
Dec 30 12:15 : update: added /She Ba He - Kie Kie (128).mp3
Dec 30 12:15 : update: added /Marjan-Tanha-128.mp3
Dec 30 12:15 : update: added /Moein-Bigharar-128.mp3
Dec 30 12:15 : update: added /IMG_8626.MP4
Dec 30 12:15 : update: added /Davood Behboodi Yare Bala Boland.mp3
Dec 30 12:15 : update: added /Siavash-Ghomayshi-Rooze-Barfi-128.mp3
Dec 30 12:15 : update: added /Ali-Danial-Ba-Cheshmat-128.mp3
Dec 30 12:15 : update: added /Shamaizadeh-Cheshm-o-Abroo-128.mp3
Dec 30 12:15 : update: added /Arash-Vala-Yadeteh-128.mp3
Dec 30 12:15 : update: added /Shohreh Cheh Konam.mp3
Dec 30 12:15 : update: added /Mohammad-Noori-Jomeh-Bazar-128.mp3
Dec 30 12:15 : update: added /Aline Khalaf - wala wala kan.mp3
Dec 30 12:15 : update: added /The-Boyz-Bigharar-128.mp3
Dec 30 12:15 : update: added /Black-Cats-Man-O-Del-128.mp3
Dec 30 12:15 : update: added /Aref_Soltane-Ghalbha.mp3
Dec 30 12:15 : update: added /Hayedeh-Vafayeh-Del-128.mp3
Dec 30 12:15 : update: added /Aref-Behtarin-Bahaneh-128.mp3
Dec 30 12:15 : update: added /Delkash Larzoon Larzoon.mp3
Dec 30 12:15 : update: added /Donya-Ghalb(320).mp3
Dec 30 12:15 : update: added /Nooshafarin-Yavash-Yavash-128.mp3
Dec 30 12:15 : update: added /Jahan-Khatoon-128.mp3
Dec 30 12:15 : update: added /Shahrokh - Parishoon.mp3
Dec 30 12:15 : update: added /Hayedeh-Shabeh-Eshgh-128.mp3
Dec 30 12:15 : update: added /Martik-Faghat-Yekbaar-128.mp3
Dec 30 12:15 : update: added /Siavash Shams Ghahr O Aashti.mp3
Dec 30 12:15 : update: added /Do Sedaiy Tajdid Ahd.mp3
Dec 30 12:15 : update: added /Shamaizadeh-Ba-To-Bidar-Misham-128.mp3
Dec 30 12:15 : update: added /Googoosh-Hejrat-128.mp3
Dec 30 12:15 : update: added /Naser-Abdollahi-Nasseria-128.mp3
Dec 30 12:15 : update: added /Hayedeh Padeshahe Khooban.mp3
Dec 30 12:15 : update: added /CQADBAADrAIAAvN8QFNmX--zWzjp4gI.mp3
Dec 30 12:15 : update: added /Manoochehr-Khanoomi-128.mp3
Dec 30 12:15 : update: added /Farhad-Saghf-128.mp3
Dec 30 12:15 : update: added /Mansour-Eshghe-Aatashi-128.mp3
Dec 30 12:15 : update: added /Dariush Tekieh Bar Baad.mp3
Dec 30 12:15 : update: added /Shahram Solati Divooneh Bazar.mp3
Dec 30 12:15 : update: added /Shadmehr-Aghili-Mano-To-128.mp3
Dec 30 12:15 : update: added /Shakila-Ghame-Yar-128.mp3
Dec 30 12:15 : update: added /Googoosh-Kaj-Kolaah-Khaan-128.mp3
Dec 30 12:15 : update: added /Mahasti-Kami-Ba-Man-Modara-Kon-128.mp3
Dec 30 12:15 : update: added /Rushid-Khorshid-Khanoom-128.mp3
Dec 30 12:16 : player: played "CQADBAADrAIAAvN8QFNmX--zWzjp4gI.mp3"
Dec 30 12:19 : exception: Failed to create Avahi service group: Not permitted
Dec 30 12:25 : player: played "CQADBAADrAIAAvN8QFNmX--zWzjp4gI.mp3"
Dec 30 12:25 : ffmpeg/aac: Could not update timestamps for skipped samples.
Dec 30 12:30 : player: played "Moein-Ghasam-Nakhor-128.mp3"
Dec 30 12:34 : player: played "She Ba He - Kie Kie (128).mp3"
Dec 30 12:39 : player: played "Shahrokh - Parishoon.mp3"
Dec 30 12:48 : player: played "Hayedeh-Shabeh-Eshgh-128.mp3"
Dec 30 12:54 : player: played "Hayedeh-Vafayeh-Del-128.mp3"
Dec 30 12:57 : player: played "Mahasti-To-Bezan-Ta-Man-Beraghsam-128.mp3"
Dec 30 13:01 : player: played "Shadmehr-Aghili-Mano-To-128.mp3"
Dec 30 13:07 : player: played "Googoosh-Hejrat-128.mp3"
Dec 30 13:12 : player: played "Dariush Tekieh Bar Baad.mp3"
Dec 30 13:17 : player: played "Shakila-Ghame-Yar-128.mp3"
Dec 30 13:56 : player: played "Mahasti-Zendegi.mp3"
Dec 30 14:00 : player: played "Shamaizadeh-Ba-To-Bidar-Misham-128.mp3"
Dec 30 14:09 : player: played "Mohammad-Esfahani-Maro-Ey-Doost-128.mp3"
Dec 30 14:14 : player: played "03 Daro Va Kon Azizam.mp3"
Dec 30 14:17 : player: played "09- Bandari.mp3"
Dec 30 14:21 : player: played "Donya-Ghalb(320).mp3"
Dec 30 14:28 : update: added /Gdaal-Sedaha28Ft-Imanemun-and-Donya29.mp3
Dec 30 14:28 : update: added /Donya-Badi-Baram.mp3
Dec 30 14:28 : update: added /Donya-Baroon-Ke-Mibareh.mp3
Dec 30 14:28 : update: added /Donya-Koo-Ta-Biad.mp3
Dec 30 14:28 : update: added /Donya-Tamoom-Shod-Raft-(320).mp3
Dec 30 14:28 : update: added /Donya-Az-In-Shahr-Boro.mp3
Dec 30 14:28 : update: added /Donya-Dardesar.mp3
Dec 30 14:28 : update: added /Donya-Jaye-Hamegi-Khali.mp3
[src/libmpg123/id3.c:INT123_parse_new_id3():931] warning: ID3v2: Won't parse the ID3v2 tag with major version 0 and flags 0x0u - some extra code may be needed
[src/libmpg123/id3.c:INT123_parse_new_id3():947] warning: ID3v2: unrealistic small tag lengh 0, skipping
Note: Illegal Audio-MPEG-Header 0x00000000 at offset 134.
Note: Trying to resync...
Note: Hit end of (available) data during resync.
Dec 30 14:28 : mpg123: mpg123_getformat() failed: Message: I am done with this track.
Dec 30 14:28 : ffmpeg/mp3: Format mp3 detected only with low score of 1, misdetection possible!
Dec 30 14:28 : ffmpeg/mp3: Failed to read frame size: Could not seek to 1151.
Dec 30 14:40 : player: played "Donya-Jaye-Hamegi-Khali.mp3"
Dec 30 14:43 : player: played "Donya-Koo-Ta-Biad.mp3"
Dec 30 14:51 : ffmpeg/aac: Could not update timestamps for skipped samples.
Dec 30 14:56 : player: played "Moein-Ghasam-Nakhor-128.mp3"
Dec 30 16:21 : player: played "She Ba He - Kie Kie (128).mp3"
Dec 30 16:26 : player: played "Shahrokh - Parishoon.mp3"
Dec 30 16:28 : output: Failed to play on "pulse audio" (pulse): suspended
Dec 30 16:28 : exception: Failed to open audio output
Dec 30 16:30 : player: played "Hayedeh-Shabeh-Eshgh-128.mp3"
Dec 30 16:32 : exception: Failed to create Avahi service group: Not permitted
Dec 30 16:40 : player: played "Hayedeh-Vafayeh-Del-128.mp3"
Dec 30 16:54 : player: played "Mahasti-To-Bezan-Ta-Man-Beraghsam-128.mp3"
Dec 31 09:23 : exception: Failed to create Avahi service group: Not permitted
Dec 31 12:53 : player: played "Donya-Ghalb(320).mp3"
Dec 31 12:57 : player: played "Fereydoun Gole Hayahoo.mp3"
Dec 31 13:02 : player: played "Donya-Az-In-Shahr-Boro.mp3"
Dec 31 13:08 : player: played "Donya-Jaye-Hamegi-Khali.mp3"
Dec 31 13:11 : player: played "Donya-Koo-Ta-Biad.mp3"
Dec 31 13:11 : ffmpeg/aac: Could not update timestamps for skipped samples.
Dec 31 13:25 : player: played "Mohammad Esfahani - Shekayate Hejran (128).mp3"
Dec 31 13:30 : player: played "Kouros-Dokhtare-Hamsayeh-128.mp3"
Dec 31 13:32 : player: played "Delkash Larzoon Larzoon.mp3"
Dec 31 13:39 : player: played "Martik-Faghat-Yekbaar-128.mp3"
Dec 31 18:44 : player: played "Hayede Shabe Eshgh.mp3"
Jan 01 09:14 : exception: Failed to create Avahi service group: Not permitted
Jan 01 09:26 : player: played "Donya-Ghalb(320).mp3"
Jan 01 14:49 : player: played "Shohreh-Agha-128.mp3"
Jan 01 14:54 : player: played "Martik Parandeh.mp3"
Jan 01 14:58 : player: played "Ali-Danial-Ba-Cheshmat-128.mp3"
Jan 01 15:05 : player: played "Ali-Danial-Ba-Cheshmat-128.mp3"
Jan 01 15:19 : player: played "Hayedeh-Vafayeh-Del-128.mp3"
Jan 01 15:23 : player: played "Shamaizadeh-Ba-To-Bidar-Misham-128.mp3"
Jan 01 15:26 : player: played "Rushid-Khorshid-Khanoom-128.mp3"
Jan 01 15:31 : player: played "Khalegh.mp3"
Jan 01 15:35 : output: Failed to play on "pulse audio" (pulse): suspended
Jan 01 15:35 : exception: Failed to open audio output
Jan 01 16:31 : player: played "Suzan-Ghomar-Baz-128.mp3"
Jan 01 16:35 : player: played "Martik Harir.mp3"
Jan 01 16:37 : player: played "Afshin-Moghadam-Gozahteh-128.mp3"
Jan 01 16:54 : player: played "Rushid-Khorshid-Khanoom-128.mp3"
Jan 01 16:59 : player: played "Martik Harir.mp3"
Jan 01 17:02 : player: played "Afshin-Moghadam-Gozahteh-128.mp3"
Jan 01 17:05 : player: played "Rushid-Khorshid-Khanoom-128.mp3"
Jan 01 17:14 : player: played "Leila-Forouhar-Pardis-128.mp3"
Jan 01 17:16 : player: played "Delkash Larzoon Larzoon.mp3"
Jan 01 17:23 : player: played "Sattar-Taak-Khal-128.mp3"
Jan 01 17:29 : player: played "Aref-Na-Mehraban-128.mp3"
Jan 01 17:33 : player: played "Aref-Behtarin-Bahaneh-128.mp3"
Jan 01 17:43 : player: played "Jahan-Khatoon-128.mp3"
Jan 01 17:49 : player: played "Marjan-Tanha-128.mp3"
Jan 01 17:52 : player: played "Ali-Danial-Ba-Cheshmat-128.mp3"
Jan 01 17:58 : player: played "Khalegh.mp3"
Jan 01 18:02 : player: played "Shamaizadeh-Cheshm-o-Abroo-128.mp3"
Jan 01 18:07 : player: played "Siavash-Ghomayshi-Rooze-Barfi-128.mp3"
Jan 01 18:12 : player: played "Mansour-Eshghe-Aatashi-128.mp3"
Jan 01 19:03 : player: played "Donya-Ghalb(320).mp3"
Jan 01 21:04 : player: played "Black-Cats-Man-O-Del-128.mp3"
Jan 01 21:07 : player: played "Marzieh Emshab Shabe Mahtabe Live in Olympia.mp3"
Jan 01 21:16 : player: played "Nooshafarin-Yavash-Yavash-128.mp3"
Jan 01 21:21 : player: played "Shahram Solati Divooneh Bazar.mp3"
Jan 01 21:47 : player: played "Shamaizadeh-Ba-To-Bidar-Misham-128.mp3"
Jan 01 21:51 : player: played "Mahasti-Zendegi.mp3"
Jan 01 21:58 : player: played "Shakila-Ghame-Yar-128.mp3"
Jan 01 22:02 : player: played "Dariush Tekieh Bar Baad.mp3"
Jan 01 22:08 : player: played "Googoosh-Hejrat-128.mp3"
Jan 01 22:13 : player: played "Shadmehr-Aghili-Mano-To-128.mp3"
Jan 01 22:20 : player: played "Mahasti-To-Bezan-Ta-Man-Beraghsam-128.mp3"
Jan 02 09:47 : exception: Failed to create Avahi service group: Not permitted
Jan 02 09:52 : player: played "Donya-Koo-Ta-Biad.mp3"
Jan 02 09:55 : player: played "Donya-Jaye-Hamegi-Khali.mp3"
Jan 02 10:01 : player: played "Donya-Az-In-Shahr-Boro.mp3"
Jan 02 10:06 : player: played "CQADBAADrAIAAvN8QFNmX--zWzjp4gI.mp3"
Jan 02 10:11 : player: played "Aref_Soltane-Ghalbha.mp3"
Jan 02 10:14 : player: played "Hala-Khali-Blash-128.mp3"
Jan 02 10:22 : player: played "CQADBAADrAIAAvN8QFNmX--zWzjp4gI.mp3"
Jan 02 12:23 : player: played "Hayedeh-Mahasti-Dele-Koocholo-(Ft-Anoushirvan-Rohani)-128.mp3"
Jan 02 13:42 : player: played "Aref-Behtarin-Bahaneh-128.mp3"
Jan 02 13:49 : player: played "Shadmehr-Aghili-Mano-To-128.mp3"
Jan 02 13:52 : player: played "Mahasti-To-Bezan-Ta-Man-Beraghsam-128.mp3"
Jan 02 15:39 : player: played "Donya-Koo-Ta-Biad.mp3"
Jan 02 15:43 : player: played "Donya-Jaye-Hamegi-Khali.mp3"
Jan 02 15:48 : player: played "Donya-Jaye-Hamegi-Khali.mp3"
Jan 02 22:29 : update: added /Moein-Z-Daryabam-320.mp3
Jan 02 22:29 : update: added /Moein-Z-Parse-320.mp3
Jan 02 22:29 : update: added /Moein-Z-Zibaye-Zeshte-Man-320.mp3
Jan 02 22:29 : update: added /Moein-Z-Shayad-Delet-Tang-Shode-Toam-320.mp3
Jan 02 22:29 : update: added /Moein-Z-Dametoon-Garme-320.mp3
Jan 02 22:29 : update: added /Moein-Z-Heset-Doroghe-320.mp3
Jan 02 22:29 : update: added /Moein Z - Zamaneh.mp3
Jan 02 22:29 : update: added /Nareye-Chaah.mp3
Jan 02 22:29 : update: added /Moein-Z-Taaneh-320.mp3
Jan 02 22:29 : update: added /Moein-Z-Sare-Sobh-320.mp3
Jan 02 22:29 : mpg123: mpg123_getformat() failed: Message: I am done with this track.
Jan 02 22:29 : ffmpeg/mp3: Format mp3 detected only with low score of 1, misdetection possible!
Jan 02 22:29 : ffmpeg/mp3: Failed to read frame size: Could not seek to 1026.
Jan 02 22:29 : update: added /Moein-Z-Jade-Haraz-320.mp3
Jan 02 22:29 : update: added /Moein-Z-Hich-320.mp3
Jan 02 22:29 : update: added /Moein-Z-Didi-Paeizo-320.mp3
Jan 02 22:29 : update: added /Moein-Z-Bemanad-320.mp3
Jan 02 22:29 : update: added /Moein-Z Man-Asheghetam-Hanoozam-320.mp3
Jan 02 22:29 : update: added /Moein-Z-Sigare-Vasate Kar-320.mp3
[src/libmpg123/id3.c:INT123_parse_new_id3():931] warning: ID3v2: Won't parse the ID3v2 tag with major version 0 and flags 0x0u - some extra code may be needed
[src/libmpg123/id3.c:INT123_parse_new_id3():947] warning: ID3v2: unrealistic small tag lengh 0, skipping
Note: Illegal Audio-MPEG-Header 0x00000000 at offset 134.
Note: Trying to resync...
Note: Hit end of (available) data during resync.
Jan 02 22:29 : mpg123: mpg123_getformat() failed: Message: I am done with this track.
Jan 02 22:29 : ffmpeg/mp3: Format mp3 detected only with low score of 1, misdetection possible!
Jan 02 22:29 : ffmpeg/mp3: Failed to read frame size: Could not seek to 1151.
Jan 02 22:29 : update: added /Moein Z - Pir Misham.mp3
Jan 02 22:32 : player: played "Moein-Z Man-Asheghetam-Hanoozam-320.mp3"
Jan 02 22:35 : player: played "Moein-Z-Daryabam-320.mp3"
Jan 02 22:40 : player: played "Moein-Z-Didi-Paeizo-320.mp3"
Jan 02 22:47 : player: played "Moein-Z-Hich-320.mp3"
Jan 02 22:51 : player: played "Moein-Z-Parse-320.mp3"
Jan 02 22:58 : player: played "Moein-Z-Shayad-Delet-Tang-Shode-Toam-320.mp3"
Jan 02 23:02 : player: played "Moein-Z-Sigare-Vasate Kar-320.mp3"
Jan 02 23:07 : player: played "Moein-Z-Taaneh-320.mp3"
Jan 02 23:16 : player: played "Nareye-Chaah.mp3"
Jan 02 23:19 : player: played "Moein Z - Zamaneh.mp3"
Jan 02 23:22 : player: played "Moein Z - Pir Misham.mp3"
Jan 02 23:32 : update: added /Moein Z - Rismoone Siyah.mp3
Jan 02 23:32 : update: added /Moein Z - Rismoone Siah (320).mp3
[src/libmpg123/id3.c:INT123_parse_new_id3():931] warning: ID3v2: Won't parse the ID3v2 tag with major version 0 and flags 0x0u - some extra code may be needed
[src/libmpg123/id3.c:INT123_parse_new_id3():947] warning: ID3v2: unrealistic small tag lengh 0, skipping
Note: Illegal Audio-MPEG-Header 0x00000000 at offset 134.
Note: Trying to resync...
Note: Hit end of (available) data during resync.
Jan 02 23:32 : mpg123: mpg123_getformat() failed: Message: I am done with this track.
Jan 02 23:32 : ffmpeg/mp3: Format mp3 detected only with low score of 1, misdetection possible!
Jan 02 23:32 : ffmpeg/mp3: Failed to read frame size: Could not seek to 1151.
Jan 02 23:36 : player: played "Moein Z - Rismoone Siyah.mp3"
Jan 02 23:39 : player: played "Afshin-Moghadam-Gozahteh-128.mp3"
Jan 02 23:42 : player: played "Rushid-Khorshid-Khanoom-128.mp3"
Jan 02 23:46 : player: played "Leila-Forouhar-Pardis-128.mp3"
Jan 03 10:20 : exception: Failed to create Avahi service group: Not permitted
Jan 03 10:21 : player: played "Leila-Forouhar-Pardis-128.mp3"
Jan 03 10:23 : player: played "Delkash Larzoon Larzoon.mp3"
Jan 03 10:29 : player: played "Sattar-Taak-Khal-128.mp3"
Jan 03 10:36 : player: played "Aref-Na-Mehraban-128.mp3"
Jan 03 10:40 : player: played "Aref-Behtarin-Bahaneh-128.mp3"
Jan 03 10:45 : player: played "Aref_Soltane-Ghalbha.mp3"
Jan 03 10:51 : player: played "Moein-Z Man-Asheghetam-Hanoozam-320.mp3"
Jan 03 10:55 : player: played "Moein-Z-Bemanad-320.mp3"
Jan 03 10:58 : player: played "Moein-Z-Dametoon-Garme-320.mp3"
Jan 03 11:00 : player: played "Moein-Z-Daryabam-320.mp3"
Jan 03 11:05 : player: played "Moein-Z-Didi-Paeizo-320.mp3"
Jan 03 11:09 : player: played "Moein-Z-Hich-320.mp3"
Jan 03 11:14 : player: played "Moein-Z-Parse-320.mp3"
Jan 03 11:26 : player: played "Moein-Z-Taaneh-320.mp3"
Jan 03 11:29 : player: played "Moein-Z-Zibaye-Zeshte-Man-320.mp3"
Jan 03 11:33 : player: played "Nareye-Chaah.mp3"
Jan 03 11:37 : player: played "Moein Z - Pir Misham.mp3"
Jan 03 11:41 : player: played "Moein Z - Rismoone Siyah.mp3"
Jan 03 13:01 : player: played "Afshin-Moghadam-Gozahteh-128.mp3"
Jan 03 13:06 : player: played "Donya-Ghalb(320).mp3"
Jan 03 13:10 : player: played "Moein-Z Man-Asheghetam-Hanoozam-320.mp3"
Jan 03 13:14 : player: played "Moein-Z-Bemanad-320.mp3"
Jan 03 13:17 : player: played "Moein-Z-Dametoon-Garme-320.mp3"
Jan 03 13:19 : player: played "Moein-Z-Daryabam-320.mp3"
Jan 03 13:24 : player: played "Moein-Z-Didi-Paeizo-320.mp3"
Jan 03 13:30 : player: played "Moein-Z-Hich-320.mp3"
Jan 03 13:34 : player: played "Moein-Z-Parse-320.mp3"
Jan 03 13:41 : player: played "Moein-Z-Shayad-Delet-Tang-Shode-Toam-320.mp3"
Jan 03 13:45 : player: played "Moein-Z-Sigare-Vasate Kar-320.mp3"
Jan 03 13:49 : player: played "Moein-Z-Taaneh-320.mp3"
Jan 03 13:53 : player: played "Moein-Z-Zibaye-Zeshte-Man-320.mp3"
Jan 03 13:56 : player: played "Nareye-Chaah.mp3"
